<?xml version="1.0" encoding="UTF-8"?>
<testsuite xmlns:xsi="http://www.w3.org/2001/XMLSchema-instance" xsi:noNamespaceSchemaLocation="https://maven.apache.org/surefire/maven-surefire-plugin/xsd/surefire-test-report.xsd" version="3.0.2" name="JMockit.GUIControllerJMockitTest" time="0.633" tests="14" errors="0" skipped="0" failures="0">
  <properties>
[...]
</properties>
  <testcase name="testLoginUser_ValidUser" classname="JMockit.GUIControllerJMockitTest" time="0.145">
    <system-out><![CDATA[Attempting login with username: testUser and password: testPass
User login successful for: testUser
]]></system-out>
    <system-err><![CDATA[bře 31, 2025 2:27:53 DOP. com.sun.javafx.application.PlatformImpl startup
WARNING: Unsupported JavaFX configuration: classes were loaded from 'unnamed module @e2d56bf'
]]></system-err>
  </testcase>
  <testcase name="testValidatePassword_Valid" classname="JMockit.GUIControllerJMockitTest" time="0.002"/>
  <testcase name="testValidatePassword_BlankPassword" classname="JMockit.GUIControllerJMockitTest" time="0.005"/>
  <testcase name="testDeleteUser_Success" classname="JMockit.GUIControllerJMockitTest" time="0.006"/>
  <testcase name="testDeleteUser_Failure" classname="JMockit.GUIControllerJMockitTest" time="0.002"/>
  <testcase name="testLoginUser_Admin" classname="JMockit.GUIControllerJMockitTest" time="0.001">
    <system-out><![CDATA[Attempting login with username: admin and password: admin123
Admin login successful.
]]></system-out>
  </testcase>
  <testcase name="testRegisterUser_Success" classname="JMockit.GUIControllerJMockitTest" time="0.002">
    <system-out><![CDATA[Registering user: testUser
Registration successful: testUser
]]></system-out>
  </testcase>
  <testcase name="testValidatePassword_Invalid" classname="JMockit.GUIControllerJMockitTest" time="0.001"/>
  <testcase name="testValidatePassword_EmptyPassword" classname="JMockit.GUIControllerJMockitTest" time="0.001"/>
  <testcase name="testValidatePassword_NullPassword" classname="JMockit.GUIControllerJMockitTest" time="0.001"/>
  <testcase name="testValidatePassword_StartsWithSpace" classname="JMockit.GUIControllerJMockitTest" time="0.001"/>
  <testcase name="testRegisterUser_Failure_UserAlreadyExists" classname="JMockit.GUIControllerJMockitTest" time="0.002">
    <system-out><![CDATA[Registering user: testUser
]]></system-out>
  </testcase>
  <testcase name="testValidatePassword_EndsWithSpace" classname="JMockit.GUIControllerJMockitTest" time="0.001"/>
  <testcase name="testLoginUser_InvalidUser" classname="JMockit.GUIControllerJMockitTest" time="0.013">
    <system-out><![CDATA[Attempting login with username: invalidUser and password: wrongPass
Login failed for: invalidUser
]]></system-out>
  </testcase>
</testsuite>